c:\pg\new folder\proiect\proiect\x64\debug\vc143.pdb
c:\pg\new folder\proiect\proiect\x64\debug\vc143.idb
c:\pg\new folder\proiect\proiect\x64\debug\window.obj
c:\pg\new folder\proiect\proiect\x64\debug\tiny_obj_loader.obj
c:\pg\new folder\proiect\proiect\x64\debug\stb_image.obj
c:\pg\new folder\proiect\proiect\x64\debug\shader.obj
c:\pg\new folder\proiect\proiect\x64\debug\model3d.obj
c:\pg\new folder\proiect\proiect\x64\debug\mesh.obj
c:\pg\new folder\proiect\proiect\x64\debug\main.obj
c:\pg\new folder\proiect\proiect\x64\debug\camera.obj
c:\pg\new folder\proiect\x64\debug\proiect.exe
c:\pg\new folder\proiect\x64\debug\proiect.pdb
c:\pg\new folder\proiect\proiect\x64\debug\proiect.ilk
c:\pg\new folder\proiect\proiect\x64\debug\proiect.tlog\cl.command.1.tlog
c:\pg\new folder\proiect\proiect\x64\debug\proiect.tlog\cl.items.tlog
c:\pg\new folder\proiect\proiect\x64\debug\proiect.tlog\cl.read.1.tlog
c:\pg\new folder\proiect\proiect\x64\debug\proiect.tlog\cl.write.1.tlog
c:\pg\new folder\proiect\proiect\x64\debug\proiect.tlog\link.command.1.tlog
c:\pg\new folder\proiect\proiect\x64\debug\proiect.tlog\link.read.1.tlog
c:\pg\new folder\proiect\proiect\x64\debug\proiect.tlog\link.secondary.1.tlog
c:\pg\new folder\proiect\proiect\x64\debug\proiect.tlog\link.write.1.tlog
