c:\pg\umbre\umbre\umbre\x64\debug\vc143.pdb
c:\pg\umbre\umbre\umbre\x64\debug\vc143.idb
c:\pg\umbre\umbre\umbre\x64\debug\tiny_obj_loader.obj
c:\pg\umbre\umbre\umbre\x64\debug\stb_image.obj
c:\pg\umbre\umbre\umbre\x64\debug\skybox.obj
c:\pg\umbre\umbre\umbre\x64\debug\shader.obj
c:\pg\umbre\umbre\umbre\x64\debug\model3d.obj
c:\pg\umbre\umbre\umbre\x64\debug\mesh.obj
c:\pg\umbre\umbre\umbre\x64\debug\main.obj
c:\pg\umbre\umbre\umbre\x64\debug\camera.obj
c:\pg\umbre\umbre\x64\debug\umbre.exe
c:\pg\umbre\umbre\x64\debug\umbre.pdb
c:\pg\umbre\umbre\umbre\x64\debug\umbre.ilk
c:\pg\umbre\umbre\umbre\x64\debug\umbre.tlog\cl.command.1.tlog
c:\pg\umbre\umbre\umbre\x64\debug\umbre.tlog\cl.items.tlog
c:\pg\umbre\umbre\umbre\x64\debug\umbre.tlog\cl.read.1.tlog
c:\pg\umbre\umbre\umbre\x64\debug\umbre.tlog\cl.write.1.tlog
c:\pg\umbre\umbre\umbre\x64\debug\umbre.tlog\link.command.1.tlog
c:\pg\umbre\umbre\umbre\x64\debug\umbre.tlog\link.read.1.tlog
c:\pg\umbre\umbre\umbre\x64\debug\umbre.tlog\link.secondary.1.tlog
c:\pg\umbre\umbre\umbre\x64\debug\umbre.tlog\link.write.1.tlog
